#
# A fatal error has been detected by the Java Runtime Environment:
#
#  SIGBUS (0x7) at pc=0x00007f783256aa32, pid=26760, tid=140153741158144
#
# JRE version: Java(TM) SE Runtime Environment (8.0_72-b15) (build 1.8.0_72-b15)
# Java VM: Java HotSpot(TM) 64-Bit Server VM (25.72-b15 mixed mode linux-amd64 compressed oops)
# Problematic frame:
# C  [libzip.so+0x11a32]  newEntry+0x62
#
# Failed to write core dump. Core dumps have been disabled. To enable core dumping, try "ulimit -c unlimited" before starting Java again
#
# If you would like to submit a bug report, please visit:
#   http://bugreport.java.com/bugreport/crash.jsp
# The crash happened outside the Java Virtual Machine in native code.
# See problematic frame for where to report the bug.
#

---------------  T H R E A D  ---------------

Current thread (0x00007f782c75b000):  JavaThread "instrument%004dodifier%0043ache.data" [_thread_in_native, id=26781, stack(0x00007f7815e4a000,0x00007f7815f4b000)]

siginfo: si_signo: 7 (SIGBUS), si_code: 2 (BUS_ADRERR), si_addr: 0x00007f781712c97a

Registers:
RAX=0x00007f77d000af20, RBX=0x00007f782c1d61f0, RCX=0x00007f77d0000020, RDX=0x00007f77d000af20
RSP=0x00007f7815f47190, RBP=0x00007f7815f471e0, RSI=0x00007f77d0000038, RDI=0x0000000000000000
R8 =0x0000000000000003, R9 =0x00007f7815f47260, R10=0x00007f781d17b218, R11=0x00007f7834a5f550
R12=0x00007f781712c95d, R13=0x00007f77d000af20, R14=0x000000001051fe97, R15=0x00007f782c1aa9b0
RIP=0x00007f783256aa32, EFLAGS=0x0000000000010202, CSGSFS=0x0000000000000033, ERR=0x0000000000000004
  TRAPNO=0x000000000000000e

Top of Stack: (sp=0x00007f7815f47190)
0x00007f7815f47190:   00007f7815ae5380 00007f7800000000
0x00007f7815f471a0:   00000007c00007a8 00007f78341cf75e
0x00007f7815f471b0:   00007f77d000af20 00007f782c1d61f0
0x00007f7815f471c0:   00007f782c7b1d40 00007f782c1aa9b0
0x00007f7815f471d0:   000000001051fe97 0000000000000030
0x00007f7815f471e0:   00007f7815f47240 00007f783256b18f
0x00007f7815f471f0:   00007f782c75b000 01007f7815ae5360
0x00007f7815f47200:   00007f7815f47260 00007f7815f47291
0x00007f7815f47210:   00007f7815f4728f 00007f7815f47260
0x00007f7815f47220:   0000000000000030 00007f782c75b1f8
0x00007f7815f47230:   00007f7815f476b8 0000000000000001
0x00007f7815f47240:   00007f7815f476a0 00007f783255cec0
0x00007f7815f47250:   00007f7815ae51e0 00007f782c1aa9b0
0x00007f7815f47260:   652f66732f74656e 732f656863616368
0x00007f7815f47270:   7369642f65726f74 74536b7369442f6b
0x00007f7815f47280:   5379654b2465726f 7373616c632e7465
0x00007f7815f47290:   00007f7834925f00 00007f78344133ea
0x00007f7815f472a0:   00007f78344133e8 00007f783492242a
0x00007f7815f472b0:   00007f7815ae5260 00007f7815ae6090
0x00007f7815f472c0:   0000000015ade888 00007f7815ae62b0
0x00007f7815f472d0:   00007f7815ae5380 00007f7815ae6870
0x00007f7815f472e0:   00007f7815f47410 00007f7815ae50c0
0x00007f7815f472f0:   00007f7815f47350 00007f7815f473c0
0x00007f7815f47300:   00007f7815ae50a0 00007f7815ae51e0
0x00007f7815f47310:   0000000015aaeea0 00007f7800000000
0x00007f7815f47320:   0000000000000000 00007f7700000000
0x00007f7815f47330:   00007f7815ae5460 0000000000000000
0x00007f7815f47340:   00007f7800000000 0000000000000000
0x00007f7815f47350:   00007f7800000038 00007f7800000000
0x00007f7815f47360:   0000000000000000 00007f7834953649
0x00007f7815f47370:   00007f7815f47990 00007f7815f47980
0x00007f7815f47380:   00007f7834925f69 00007f78344133ea 

Instructions: (pc=0x00007f783256aa32)
0x00007f783256aa12:   00 48 c7 40 28 00 00 00 00 41 80 7f 30 00 0f 84
0x00007f783256aa22:   8a 02 00 00 4c 8b 63 08 4d 2b 67 28 4d 03 67 18
0x00007f783256aa32:   41 0f b6 5c 24 1d 41 0f b6 44 24 1c c1 e3 08 09
0x00007f783256aa42:   c3 41 0f b6 44 24 1e 88 45 bd 41 0f b6 54 24 20 

Register to memory mapping:

RAX=0x00007f77d000af20 is an unknown value
RBX=0x00007f782c1d61f0 is an unknown value
RCX=0x00007f77d0000020 is an unknown value
RDX=0x00007f77d000af20 is an unknown value
RSP=0x00007f7815f47190 is pointing into the stack for thread: 0x00007f782c75b000
RBP=0x00007f7815f471e0 is pointing into the stack for thread: 0x00007f782c75b000
RSI=0x00007f77d0000038 is an unknown value
RDI=0x0000000000000000 is an unknown value
R8 =0x0000000000000003 is an unknown value
R9 =0x00007f7815f47260 is pointing into the stack for thread: 0x00007f782c75b000
R10=0x00007f781d17b218 is at entry_point+88 in (nmethod*)0x00007f781d17b050
R11=0x00007f7834a5f550: <offset 0x187550> in /lib/x86_64-linux-gnu/libc.so.6 at 0x00007f78348d8000
R12=0x00007f781712c95d is an unknown value
R13=0x00007f77d000af20 is an unknown value
R14=0x000000001051fe97 is an unknown value
R15=0x00007f782c1aa9b0 is an unknown value


Stack: [0x00007f7815e4a000,0x00007f7815f4b000],  sp=0x00007f7815f47190,  free space=1012k
Native frames: (J=compiled Java code, j=interpreted, Vv=VM code, C=native code)
C  [libzip.so+0x11a32]  newEntry+0x62
C  [libzip.so+0x1218f]  ZIP_GetEntry2+0xff
C  [libzip.so+0x3ec0]  Java_java_util_zip_ZipFile_getEntry+0xf0
J 216  java.util.zip.ZipFile.getEntry(J[BZ)J (0 bytes) @ 0x00007f781d17b28e [0x00007f781d17b1c0+0xce]
J 213 C1 java.util.zip.ZipFile.getEntry(Ljava/lang/String;)Ljava/util/zip/ZipEntry; (86 bytes) @ 0x00007f781d17cf8c [0x00007f781d17cd20+0x26c]
J 721 C2 sun.misc.URLClassPath$JarLoader.getResource(Ljava/lang/String;Z)Lsun/misc/Resource; (85 bytes) @ 0x00007f781d316c1c [0x00007f781d316a00+0x21c]
J 1385 C2 sun.misc.URLClassPath.getResource(Ljava/lang/String;Z)Lsun/misc/Resource; (83 bytes) @ 0x00007f781d4eac2c [0x00007f781d4eaae0+0x14c]
J 196 C1 java.net.URLClassLoader$1.run()Ljava/lang/Class; (63 bytes) @ 0x00007f781d1730ac [0x00007f781d172ea0+0x20c]
J 195 C1 java.net.URLClassLoader$1.run()Ljava/lang/Object; (5 bytes) @ 0x00007f781d17248c [0x00007f781d172400+0x8c]
v  ~StubRoutines::call_stub
V  [libjvm.so+0x68c616]  JavaCalls::call_helper(JavaValue*, methodHandle*, JavaCallArguments*, Thread*)+0x1056
V  [libjvm.so+0x7252dc]  JVM_DoPrivileged+0x27c
J 194  java.security.AccessController.doPrivileged(Ljava/security/PrivilegedExceptionAction;Ljava/security/AccessControlContext;)Ljava/lang/Object; (0 bytes) @ 0x00007f781d172115 [0x00007f781d172040+0xd5]
J 159 C1 java.net.URLClassLoader.findClass(Ljava/lang/String;)Ljava/lang/Class; (47 bytes) @ 0x00007f781d157e14 [0x00007f781d157c80+0x194]
J 98 C1 java.lang.ClassLoader.loadClass(Ljava/lang/String;Z)Ljava/lang/Class; (122 bytes) @ 0x00007f781d138644 [0x00007f781d137ce0+0x964]
J 175 C1 sun.misc.Launcher$AppClassLoader.loadClass(Ljava/lang/String;Z)Ljava/lang/Class; (85 bytes) @ 0x00007f781d164064 [0x00007f781d1636c0+0x9a4]
J 174 C1 java.lang.ClassLoader.loadClass(Ljava/lang/String;)Ljava/lang/Class; (7 bytes) @ 0x00007f781d164b04 [0x00007f781d164a00+0x104]
v  ~StubRoutines::call_stub
V  [libjvm.so+0x68c616]  JavaCalls::call_helper(JavaValue*, methodHandle*, JavaCallArguments*, Thread*)+0x1056
V  [libjvm.so+0x68cb21]  JavaCalls::call_virtual(JavaValue*, KlassHandle, Symbol*, Symbol*, JavaCallArguments*, Thread*)+0x321
V  [libjvm.so+0x68cf76]  JavaCalls::call_virtual(JavaValue*, Handle, KlassHandle, Symbol*, Symbol*, Handle, Thread*)+0x56
V  [libjvm.so+0xa31a30]  SystemDictionary::load_instance_class(Symbol*, Handle, Thread*)+0x3f0
V  [libjvm.so+0xa3091c]  SystemDictionary::resolve_instance_class_or_null(Symbol*, Handle, Handle, Thread*)+0x7cc
V  [libjvm.so+0xa31e53]  SystemDictionary::resolve_or_fail(Symbol*, Handle, Handle, bool, Thread*)+0x33
V  [libjvm.so+0x4f0ce8]  ConstantPool::klass_at_impl(constantPoolHandle, int, Thread*)+0x158
V  [libjvm.so+0x680ad1]  InterpreterRuntime::_new(JavaThread*, ConstantPool*, int)+0x71
j  net.sf.ehcache.store.disk.DiskStore.keySet()Ljava/util/Set;+13
j  net.sf.ehcache.store.disk.DiskStorageFactory$DiskExpiryTask.run()V+11
j  java.util.concurrent.Executors$RunnableAdapter.call()Ljava/lang/Object;+4
j  java.util.concurrent.FutureTask.runAndReset()Z+47
j  java.util.concurrent.ScheduledThreadPoolExecutor$ScheduledFutureTask.access$301(Ljava/util/concurrent/ScheduledThreadPoolExecutor$ScheduledFutureTask;)Z+1
j  java.util.concurrent.ScheduledThreadPoolExecutor$ScheduledFutureTask.run()V+37
j  java.util.concurrent.ThreadPoolExecutor.runWorker(Ljava/util/concurrent/ThreadPoolExecutor$Worker;)V+95
j  java.util.concurrent.ThreadPoolExecutor$Worker.run()V+5
j  java.lang.Thread.run()V+11
v  ~StubRoutines::call_stub
V  [libjvm.so+0x68c616]  JavaCalls::call_helper(JavaValue*, methodHandle*, JavaCallArguments*, Thread*)+0x1056
V  [libjvm.so+0x68cb21]  JavaCalls::call_virtual(JavaValue*, KlassHandle, Symbol*, Symbol*, JavaCallArguments*, Thread*)+0x321
V  [libjvm.so+0x68cfc7]  JavaCalls::call_virtual(JavaValue*, Handle, KlassHandle, Symbol*, Symbol*, Thread*)+0x47
V  [libjvm.so+0x723d80]  thread_entry(JavaThread*, Thread*)+0xa0
V  [libjvm.so+0xa69dcf]  JavaThread::thread_main_inner()+0xdf
V  [libjvm.so+0xa69efc]  JavaThread::run()+0x11c
V  [libjvm.so+0x91d9d8]  java_start(Thread*)+0x108
C  [libpthread.so.0+0x8184]  start_thread+0xc4

Java frames: (J=compiled Java code, j=interpreted, Vv=VM code)
J 216  java.util.zip.ZipFile.getEntry(J[BZ)J (0 bytes) @ 0x00007f781d17b218 [0x00007f781d17b1c0+0x58]
J 213 C1 java.util.zip.ZipFile.getEntry(Ljava/lang/String;)Ljava/util/zip/ZipEntry; (86 bytes) @ 0x00007f781d17cf8c [0x00007f781d17cd20+0x26c]
J 721 C2 sun.misc.URLClassPath$JarLoader.getResource(Ljava/lang/String;Z)Lsun/misc/Resource; (85 bytes) @ 0x00007f781d316c1c [0x00007f781d316a00+0x21c]
J 1385 C2 sun.misc.URLClassPath.getResource(Ljava/lang/String;Z)Lsun/misc/Resource; (83 bytes) @ 0x00007f781d4eac2c [0x00007f781d4eaae0+0x14c]
J 196 C1 java.net.URLClassLoader$1.run()Ljava/lang/Class; (63 bytes) @ 0x00007f781d1730ac [0x00007f781d172ea0+0x20c]
J 195 C1 java.net.URLClassLoader$1.run()Ljava/lang/Object; (5 bytes) @ 0x00007f781d17248c [0x00007f781d172400+0x8c]
v  ~StubRoutines::call_stub
J 194  java.security.AccessController.doPrivileged(Ljava/security/PrivilegedExceptionAction;Ljava/security/AccessControlContext;)Ljava/lang/Object; (0 bytes) @ 0x00007f781d1720a3 [0x00007f781d172040+0x63]
J 159 C1 java.net.URLClassLoader.findClass(Ljava/lang/String;)Ljava/lang/Class; (47 bytes) @ 0x00007f781d157e14 [0x00007f781d157c80+0x194]
J 98 C1 java.lang.ClassLoader.loadClass(Ljava/lang/String;Z)Ljava/lang/Class; (122 bytes) @ 0x00007f781d138644 [0x00007f781d137ce0+0x964]
J 175 C1 sun.misc.Launcher$AppClassLoader.loadClass(Ljava/lang/String;Z)Ljava/lang/Class; (85 bytes) @ 0x00007f781d164064 [0x00007f781d1636c0+0x9a4]
J 174 C1 java.lang.ClassLoader.loadClass(Ljava/lang/String;)Ljava/lang/Class; (7 bytes) @ 0x00007f781d164b04 [0x00007f781d164a00+0x104]
v  ~StubRoutines::call_stub
j  net.sf.ehcache.store.disk.DiskStore.keySet()Ljava/util/Set;+13
j  net.sf.ehcache.store.disk.DiskStorageFactory$DiskExpiryTask.run()V+11
j  java.util.concurrent.Executors$RunnableAdapter.call()Ljava/lang/Object;+4
j  java.util.concurrent.FutureTask.runAndReset()Z+47
j  java.util.concurrent.ScheduledThreadPoolExecutor$ScheduledFutureTask.access$301(Ljava/util/concurrent/ScheduledThreadPoolExecutor$ScheduledFutureTask;)Z+1
j  java.util.concurrent.ScheduledThreadPoolExecutor$ScheduledFutureTask.run()V+37
j  java.util.concurrent.ThreadPoolExecutor.runWorker(Ljava/util/concurrent/ThreadPoolExecutor$Worker;)V+95
j  java.util.concurrent.ThreadPoolExecutor$Worker.run()V+5
j  java.lang.Thread.run()V+11
v  ~StubRoutines::call_stub

---------------  P R O C E S S  ---------------

Java Threads: ( => current thread )
  0x00007f782c324000 JavaThread "DestroyJavaVM" [_thread_blocked, id=26761, stack(0x00007f78353d2000,0x00007f78354d3000)]
  0x00007f782c77b800 JavaThread "Statistics Thread-__DEFAULT__-1" daemon [_thread_blocked, id=26782, stack(0x00007f7815d49000,0x00007f7815e4a000)]
=>0x00007f782c75b000 JavaThread "instrument%004dodifier%0043ache.data" [_thread_in_native, id=26781, stack(0x00007f7815e4a000,0x00007f7815f4b000)]
  0x00007f782c726800 JavaThread "__DEFAULT__" daemon [_thread_blocked, id=26780, stack(0x00007f7816b5c000,0x00007f7816c5d000)]
  0x00007f782c190800 JavaThread "Service Thread" daemon [_thread_blocked, id=26773, stack(0x00007f78172fd000,0x00007f78173fe000)]
  0x00007f782c185000 JavaThread "C1 CompilerThread2" daemon [_thread_blocked, id=26772, stack(0x00007f78173fe000,0x00007f78174ff000)]
  0x00007f782c183800 JavaThread "C2 CompilerThread1" daemon [_thread_blocked, id=26771, stack(0x00007f78174ff000,0x00007f7817600000)]
  0x00007f782c180800 JavaThread "C2 CompilerThread0" daemon [_thread_blocked, id=26770, stack(0x00007f7817600000,0x00007f7817701000)]
  0x00007f782c17f000 JavaThread "Signal Dispatcher" daemon [_thread_blocked, id=26769, stack(0x00007f7817701000,0x00007f7817802000)]
  0x00007f782c14b000 JavaThread "Finalizer" daemon [_thread_blocked, id=26768, stack(0x00007f7817bfc000,0x00007f7817cfd000)]
  0x00007f782c146800 JavaThread "Reference Handler" daemon [_thread_blocked, id=26767, stack(0x00007f7817cfd000,0x00007f7817dfe000)]

Other Threads:
  0x00007f782c13e800 VMThread [stack: 0x00007f7817dfe000,0x00007f7817eff000] [id=26766]
  0x00007f782c193000 WatcherThread [stack: 0x00007f78171fc000,0x00007f78172fd000] [id=26774]

VM state:not at safepoint (normal execution)

VM Mutex/Monitor currently owned by a thread: None

Heap:
 PSYoungGen      total 99840K, used 56857K [0x000000076cf80000, 0x0000000773e00000, 0x00000007c0000000)
  eden space 89600K, 63% used [0x000000076cf80000,0x00000007706d6670,0x0000000772700000)
  from space 10240K, 1% used [0x0000000773100000,0x0000000773130000,0x0000000773b00000)
  to   space 10240K, 0% used [0x0000000772700000,0x0000000772700000,0x0000000773100000)
 ParOldGen       total 110080K, used 6030K [0x00000006c6e00000, 0x00000006cd980000, 0x000000076cf80000)
  object space 110080K, 5% used [0x00000006c6e00000,0x00000006c73e3920,0x00000006cd980000)
 Metaspace       used 21883K, capacity 22162K, committed 22400K, reserved 1069056K
  class space    used 2522K, capacity 2633K, committed 2688K, reserved 1048576K

Card table byte_map: [0x00007f78319cf000,0x00007f7832199000] byte_map_base: 0x00007f782e398000

Marking Bits: (ParMarkBitMap*) 0x00007f78348ad100
 Begin Bits: [0x00007f7800370000, 0x00007f78041b8000)
 End Bits:   [0x00007f78041b8000, 0x00007f7808000000)

Polling page: 0x00007f78354f4000

CodeCache: size=245760Kb used=7151Kb max_used=7171Kb free=238608Kb
 bounds [0x00007f781d000000, 0x00007f781d710000, 0x00007f782c000000]
 total_blobs=2530 nmethods=2091 adapters=352
 compilation: enabled

Compilation events (10 events):
Event: 3,219 Thread 0x00007f782c180800 nmethod 2084 0x00007f781d6f9850 code [0x00007f781d6f99a0, 0x00007f781d6f9b18]
Event: 3,219 Thread 0x00007f782c180800 2046       4       java.util.concurrent.atomic.AtomicLongFieldUpdater$CASUpdater::compareAndSet (42 bytes)
Event: 3,221 Thread 0x00007f782c180800 nmethod 2046 0x00007f781d6f9390 code [0x00007f781d6f94e0, 0x00007f781d6f96b8]
Event: 3,221 Thread 0x00007f782c180800 2050       4       java.util.EnumMap::isValidKey (36 bytes)
Event: 3,221 Thread 0x00007f782c180800 nmethod 2050 0x00007f781d6f7350 code [0x00007f781d6f74a0, 0x00007f781d6f7558]
Event: 3,221 Thread 0x00007f782c180800 2047       4       org.terracotta.statistics.jsr166e.LongAdder::add (108 bytes)
Event: 3,223 Thread 0x00007f782c180800 nmethod 2047 0x00007f781d6f8750 code [0x00007f781d6f88a0, 0x00007f781d6f8ab8]
Event: 3,223 Thread 0x00007f782c180800 2005       4       java.math.BigDecimal::checkScale (58 bytes)
Event: 3,224 Thread 0x00007f782c180800 nmethod 2005 0x00007f781d6f9150 code [0x00007f781d6f92a0, 0x00007f781d6f9318]
Event: 3,258 Thread 0x00007f782c183800 nmethod 2057 0x00007f781d6ffa90 code [0x00007f781d700000, 0x00007f781d7021b0]

GC Heap History (10 events):
Event: 0,941 GC heap before
{Heap before GC invocations=1 (full 0):
 PSYoungGen      total 74752K, used 64512K [0x000000076cf80000, 0x0000000772280000, 0x00000007c0000000)
  eden space 64512K, 100% used [0x000000076cf80000,0x0000000770e80000,0x0000000770e80000)
  from space 10240K, 0% used [0x0000000771880000,0x0000000771880000,0x0000000772280000)
  to   space 10240K, 0% used [0x0000000770e80000,0x0000000770e80000,0x0000000771880000)
 ParOldGen       total 171008K, used 0K [0x00000006c6e00000, 0x00000006d1500000, 0x000000076cf80000)
  object space 171008K, 0% used [0x00000006c6e00000,0x00000006c6e00000,0x00000006d1500000)
 Metaspace       used 18491K, capacity 18714K, committed 18816K, reserved 1067008K
  class space    used 2075K, capacity 2167K, committed 2176K, reserved 1048576K
Event: 0,950 GC heap after
Heap after GC invocations=1 (full 0):
 PSYoungGen      total 74752K, used 10239K [0x000000076cf80000, 0x0000000772280000, 0x00000007c0000000)
  eden space 64512K, 0% used [0x000000076cf80000,0x000000076cf80000,0x0000000770e80000)
  from space 10240K, 99% used [0x0000000770e80000,0x000000077187ffe0,0x0000000771880000)
  to   space 10240K, 0% used [0x0000000771880000,0x0000000771880000,0x0000000772280000)
 ParOldGen       total 171008K, used 191K [0x00000006c6e00000, 0x00000006d1500000, 0x000000076cf80000)
  object space 171008K, 0% used [0x00000006c6e00000,0x00000006c6e2fe80,0x00000006d1500000)
 Metaspace       used 18491K, capacity 18714K, committed 18816K, reserved 1067008K
  class space    used 2075K, capacity 2167K, committed 2176K, reserved 1048576K
}
Event: 2,684 GC heap before
{Heap before GC invocations=2 (full 0):
 PSYoungGen      total 74752K, used 22568K [0x000000076cf80000, 0x0000000772280000, 0x00000007c0000000)
  eden space 64512K, 19% used [0x000000076cf80000,0x000000076db8a168,0x0000000770e80000)
  from space 10240K, 99% used [0x0000000770e80000,0x000000077187ffe0,0x0000000771880000)
  to   space 10240K, 0% used [0x0000000771880000,0x0000000771880000,0x0000000772280000)
 ParOldGen       total 171008K, used 191K [0x00000006c6e00000, 0x00000006d1500000, 0x000000076cf80000)
  object space 171008K, 0% used [0x00000006c6e00000,0x00000006c6e2fe80,0x00000006d1500000)
 Metaspace       used 20972K, capacity 21140K, committed 21248K, reserved 1069056K
  class space    used 2436K, capacity 2524K, committed 2560K, reserved 1048576K
Event: 2,690 GC heap after
Heap after GC invocations=2 (full 0):
 PSYoungGen      total 74752K, used 6174K [0x000000076cf80000, 0x0000000772280000, 0x00000007c0000000)
  eden space 64512K, 0% used [0x000000076cf80000,0x000000076cf80000,0x0000000770e80000)
  from space 10240K, 60% used [0x0000000771880000,0x0000000771e87b60,0x0000000772280000)
  to   space 10240K, 0% used [0x0000000770e80000,0x0000000770e80000,0x0000000771880000)
 ParOldGen       total 171008K, used 199K [0x00000006c6e00000, 0x00000006d1500000, 0x000000076cf80000)
  object space 171008K, 0% used [0x00000006c6e00000,0x00000006c6e31e80,0x00000006d1500000)
 Metaspace       used 20972K, capacity 21140K, committed 21248K, reserved 1069056K
  class space    used 2436K, capacity 2524K, committed 2560K, reserved 1048576K
}
Event: 2,690 GC heap before
{Heap before GC invocations=3 (full 1):
 PSYoungGen      total 74752K, used 6174K [0x000000076cf80000, 0x0000000772280000, 0x00000007c0000000)
  eden space 64512K, 0% used [0x000000076cf80000,0x000000076cf80000,0x0000000770e80000)
  from space 10240K, 60% used [0x0000000771880000,0x0000000771e87b60,0x0000000772280000)
  to   space 10240K, 0% used [0x0000000770e80000,0x0000000770e80000,0x0000000771880000)
 ParOldGen       total 171008K, used 199K [0x00000006c6e00000, 0x00000006d1500000, 0x000000076cf80000)
  object space 171008K, 0% used [0x00000006c6e00000,0x00000006c6e31e80,0x00000006d1500000)
 Metaspace       used 20972K, capacity 21140K, committed 21248K, reserved 1069056K
  class space    used 2436K, capacity 2524K, committed 2560K, reserved 1048576K
Event: 2,716 GC heap after
Heap after GC invocations=3 (full 1):
 PSYoungGen      total 74752K, used 0K [0x000000076cf80000, 0x0000000772280000, 0x00000007c0000000)
  eden space 64512K, 0% used [0x000000076cf80000,0x000000076cf80000,0x0000000770e80000)
  from space 10240K, 0% used [0x0000000771880000,0x0000000771880000,0x0000000772280000)
  to   space 10240K, 0% used [0x0000000770e80000,0x0000000770e80000,0x0000000771880000)
 ParOldGen       total 110080K, used 6014K [0x00000006c6e00000, 0x00000006cd980000, 0x000000076cf80000)
  object space 110080K, 5% used [0x00000006c6e00000,0x00000006c73df920,0x00000006cd980000)
 Metaspace       used 20972K, capacity 21140K, committed 21248K, reserved 1069056K
  class space    used 2436K, capacity 2524K, committed 2560K, reserved 1048576K
}
Event: 2,994 GC heap before
{Heap before GC invocations=4 (full 1):
 PSYoungGen      total 74752K, used 64512K [0x000000076cf80000, 0x0000000772280000, 0x00000007c0000000)
  eden space 64512K, 100% used [0x000000076cf80000,0x0000000770e80000,0x0000000770e80000)
  from space 10240K, 0% used [0x0000000771880000,0x0000000771880000,0x0000000772280000)
  to   space 10240K, 0% used [0x0000000770e80000,0x0000000770e80000,0x0000000771880000)
 ParOldGen       total 110080K, used 6014K [0x00000006c6e00000, 0x00000006cd980000, 0x000000076cf80000)
  object space 110080K, 5% used [0x00000006c6e00000,0x00000006c73df920,0x00000006cd980000)
 Metaspace       used 21854K, capacity 22162K, committed 22400K, reserved 1069056K
  class space    used 2521K, capacity 2633K, committed 2688K, reserved 1048576K
Event: 2,996 GC heap after
Heap after GC invocations=4 (full 1):
 PSYoungGen      total 74752K, used 608K [0x000000076cf80000, 0x0000000773b00000, 0x00000007c0000000)
  eden space 64512K, 0% used [0x000000076cf80000,0x000000076cf80000,0x0000000770e80000)
  from space 10240K, 5% used [0x0000000770e80000,0x0000000770f18000,0x0000000771880000)
  to   space 10240K, 0% used [0x0000000773100000,0x0000000773100000,0x0000000773b00000)
 ParOldGen       total 110080K, used 6022K [0x00000006c6e00000, 0x00000006cd980000, 0x000000076cf80000)
  object space 110080K, 5% used [0x00000006c6e00000,0x00000006c73e1920,0x00000006cd980000)
 Metaspace       used 21854K, capacity 22162K, committed 22400K, reserved 1069056K
  class space    used 2521K, capacity 2633K, committed 2688K, reserved 1048576K
}
Event: 3,115 GC heap before
{Heap before GC invocations=5 (full 1):
 PSYoungGen      total 74752K, used 65120K [0x000000076cf80000, 0x0000000773b00000, 0x00000007c0000000)
  eden space 64512K, 100% used [0x000000076cf80000,0x0000000770e80000,0x0000000770e80000)
  from space 10240K, 5% used [0x0000000770e80000,0x0000000770f18000,0x0000000771880000)
  to   space 10240K, 0% used [0x0000000773100000,0x0000000773100000,0x0000000773b00000)
 ParOldGen       total 110080K, used 6022K [0x00000006c6e00000, 0x00000006cd980000, 0x000000076cf80000)
  object space 110080K, 5% used [0x00000006c6e00000,0x00000006c73e1920,0x00000006cd980000)
 Metaspace       used 21865K, capacity 22162K, committed 22400K, reserved 1069056K
  class space    used 2521K, capacity 2633K, committed 2688K, reserved 1048576K
Event: 3,116 GC heap after
Heap after GC invocations=5 (full 1):
 PSYoungGen      total 99840K, used 192K [0x000000076cf80000, 0x0000000773e00000, 0x00000007c0000000)
  eden space 89600K, 0% used [0x000000076cf80000,0x000000076cf80000,0x0000000772700000)
  from space 10240K, 1% used [0x0000000773100000,0x0000000773130000,0x0000000773b00000)
  to   space 10240K, 0% used [0x0000000772700000,0x0000000772700000,0x0000000773100000)
 ParOldGen       total 110080K, used 6030K [0x00000006c6e00000, 0x00000006cd980000, 0x000000076cf80000)
  object space 110080K, 5% used [0x00000006c6e00000,0x00000006c73e3920,0x00000006cd980000)
 Metaspace       used 21865K, capacity 22162K, committed 22400K, reserved 1069056K
  class space    used 2521K, capacity 2633K, committed 2688K, reserved 1048576K
}

Deoptimization events (10 events):
Event: 1,044 Thread 0x00007f782c009800 Uncommon trap: reason=bimorphic action=maybe_recompile pc=0x00007f781d4ba104 method=java.util.concurrent.ConcurrentHashMap.get(Ljava/lang/Object;)Ljava/lang/Object; @ 149
Event: 1,103 Thread 0x00007f782c009800 Uncommon trap: reason=unstable_if action=reinterpret pc=0x00007f781d4eefb8 method=java.lang.Class$MethodArray.addIfNotPresent(Ljava/lang/reflect/Method;)V @ 19
Event: 2,922 Thread 0x00007f782c009800 Uncommon trap: reason=unstable_if action=reinterpret pc=0x00007f781d680e38 method=java.util.concurrent.CopyOnWriteArrayList.isEmpty()Z @ 4
Event: 3,103 Thread 0x00007f782c009800 Uncommon trap: reason=unstable_if action=reinterpret pc=0x00007f781d683e80 method=java.math.BigDecimal.<init>([CIILjava/math/MathContext;)V @ 149
Event: 3,181 Thread 0x00007f782c009800 Uncommon trap: reason=predicate action=maybe_recompile pc=0x00007f781d6d0ae0 method=java.util.AbstractCollection.toArray([Ljava/lang/Object;)[Ljava/lang/Object; @ 49
Event: 3,186 Thread 0x00007f782c009800 Uncommon trap: reason=array_check action=maybe_recompile pc=0x00007f781d6cfef8 method=java.util.AbstractCollection.toArray([Ljava/lang/Object;)[Ljava/lang/Object; @ 119
Event: 3,187 Thread 0x00007f782c009800 Uncommon trap: reason=array_check action=maybe_recompile pc=0x00007f781d6cfef8 method=java.util.AbstractCollection.toArray([Ljava/lang/Object;)[Ljava/lang/Object; @ 119
Event: 3,187 Thread 0x00007f782c009800 Uncommon trap: reason=array_check action=maybe_recompile pc=0x00007f781d6cfef8 method=java.util.AbstractCollection.toArray([Ljava/lang/Object;)[Ljava/lang/Object; @ 119
Event: 3,187 Thread 0x00007f782c009800 Uncommon trap: reason=array_check action=maybe_recompile pc=0x00007f781d6cfef8 method=java.util.AbstractCollection.toArray([Ljava/lang/Object;)[Ljava/lang/Object; @ 119
Event: 3,206 Thread 0x00007f782c009800 Uncommon trap: reason=class_check action=maybe_recompile pc=0x00007f781d60f1c0 method=java.util.HashMap.removeNode(ILjava/lang/Object;Ljava/lang/Object;ZZ)Ljava/util/HashMap$Node; @ 68

Internal exceptions (10 events):
Event: 2,738 Thread 0x00007f782c009800 Exception <a 'java/lang/ClassNotFoundException': com/gorilla/calculation/impl/LastFewSummingCalculatorBeanInfo> (0x000000076d0e5400) thrown at [/HUDSON/workspace/8-2-build-linux-amd64/jdk8u72/5732/hotspot/src/share/vm/classfile/systemDictionary.cpp, line 
Event: 2,738 Thread 0x00007f782c009800 Exception <a 'java/lang/ClassNotFoundException': com/gorilla/calculation/impl/LastFewSummingCalculatorCustomizer> (0x000000076d0e7188) thrown at [/HUDSON/workspace/8-2-build-linux-amd64/jdk8u72/5732/hotspot/src/share/vm/classfile/systemDictionary.cpp, lin
Event: 2,739 Thread 0x00007f782c75b000 Exception <a 'java/lang/reflect/InvocationTargetException'> (0x000000076d1edf38) thrown at [/HUDSON/workspace/8-2-build-linux-amd64/jdk8u72/5732/hotspot/src/share/vm/runtime/reflection.cpp, line 1092]
Event: 2,743 Thread 0x00007f782c75b000 Exception <a 'java/lang/NoSuchMethodError': <clinit>> (0x000000076d20d970) thrown at [/HUDSON/workspace/8-2-build-linux-amd64/jdk8u72/5732/hotspot/src/share/vm/prims/jni.cpp, line 1591]
Event: 2,747 Thread 0x00007f782c75b000 Exception <a 'java/lang/reflect/InvocationTargetException'> (0x000000076d2354d0) thrown at [/HUDSON/workspace/8-2-build-linux-amd64/jdk8u72/5732/hotspot/src/share/vm/runtime/reflection.cpp, line 1092]
Event: 2,749 Thread 0x00007f782c75b000 Exception <a 'java/lang/reflect/InvocationTargetException'> (0x000000076d239f00) thrown at [/HUDSON/workspace/8-2-build-linux-amd64/jdk8u72/5732/hotspot/src/share/vm/runtime/reflection.cpp, line 1092]
Event: 2,924 Thread 0x00007f782c75b000 Exception <a 'java/lang/reflect/InvocationTargetException'> (0x000000076d23e950) thrown at [/HUDSON/workspace/8-2-build-linux-amd64/jdk8u72/5732/hotspot/src/share/vm/runtime/reflection.cpp, line 1092]
Event: 2,991 Thread 0x00007f782c75b000 Exception <a 'java/lang/reflect/InvocationTargetException'> (0x000000076d2433a0) thrown at [/HUDSON/workspace/8-2-build-linux-amd64/jdk8u72/5732/hotspot/src/share/vm/runtime/reflection.cpp, line 1092]
Event: 3,205 Thread 0x00007f782c2b9000 Exception <a 'java/net/SocketException': Socket closed> (0x00000007703ea280) thrown at [/HUDSON/workspace/8-2-build-linux-amd64/jdk8u72/5732/hotspot/src/share/vm/prims/jni.cpp, line 735]
Event: 3,206 Thread 0x00007f782c324000 Exception <a 'java/net/SocketException': Socket closed> (0x00000007704ca290) thrown at [/HUDSON/workspace/8-2-build-linux-amd64/jdk8u72/5732/hotspot/src/share/vm/prims/jni.cpp, line 735]

Events (10 events):
Event: 3,206 Thread 0x00007f782c009800 DEOPT UNPACKING pc=0x00007f781d005229 sp=0x00007f78354d15d8 mode 2
Event: 3,206 Thread 0x00007f782c324000 Thread exited: 0x00007f782c324000
Event: 3,206 Executing VM operation: ThreadDump
Event: 3,206 Executing VM operation: ThreadDump done
Event: 3,206 Thread 0x00007f782c009800 Thread exited: 0x00007f782c009800
Event: 3,206 Thread 0x00007f782c324000 Thread added: 0x00007f782c324000
Event: 4,054 Executing VM operation: EnableBiasedLocking
Event: 4,054 Executing VM operation: EnableBiasedLocking done
Event: 121,029 loading class net/sf/ehcache/store/disk/DiskStore$KeySet
Event: 121,029 loading class net/sf/ehcache/store/disk/DiskStore$KeySet done


Dynamic libraries:
00400000-00401000 r-xp 00000000 08:04 7872514                            /usr/lib/jvm/java-8-oracle/jre/bin/java
00600000-00601000 rw-p 00000000 08:04 7872514                            /usr/lib/jvm/java-8-oracle/jre/bin/java
018ab000-018cc000 rw-p 00000000 00:00 0                                  [heap]
6c6e00000-6cd980000 rw-p 00000000 00:00 0 
6cd980000-76cf80000 ---p 00000000 00:00 0 
76cf80000-773e00000 rw-p 00000000 00:00 0 
773e00000-7c0000000 ---p 00000000 00:00 0 
7c0000000-7c02a0000 rw-p 00000000 00:00 0 
7c02a0000-800000000 ---p 00000000 00:00 0 
7f77c4000000-7f77c4021000 rw-p 00000000 00:00 0 
7f77c4021000-7f77c8000000 ---p 00000000 00:00 0 
7f77c8000000-7f77c8021000 rw-p 00000000 00:00 0 
7f77c8021000-7f77cc000000 ---p 00000000 00:00 0 
7f77cc000000-7f77cc021000 rw-p 00000000 00:00 0 
7f77cc021000-7f77d0000000 ---p 00000000 00:00 0 
7f77d0000000-7f77d02a7000 rw-p 00000000 00:00 0 
7f77d02a7000-7f77d4000000 ---p 00000000 00:00 0 
7f77d4000000-7f77d4021000 rw-p 00000000 00:00 0 
7f77d4021000-7f77d8000000 ---p 00000000 00:00 0 
7f77d8000000-7f77d8021000 rw-p 00000000 00:00 0 
7f77d8021000-7f77dc000000 ---p 00000000 00:00 0 
7f77dc000000-7f77dc021000 rw-p 00000000 00:00 0 
7f77dc021000-7f77e0000000 ---p 00000000 00:00 0 
7f77e0000000-7f77e0021000 rw-p 00000000 00:00 0 
7f77e0021000-7f77e4000000 ---p 00000000 00:00 0 
7f77e4000000-7f77e45ac000 rw-p 00000000 00:00 0 
7f77e45ac000-7f77e8000000 ---p 00000000 00:00 0 
7f77e8000000-7f77e8681000 rw-p 00000000 00:00 0 
7f77e8681000-7f77ec000000 ---p 00000000 00:00 0 
7f77ec000000-7f77ec021000 rw-p 00000000 00:00 0 
7f77ec021000-7f77f0000000 ---p 00000000 00:00 0 
7f77f0000000-7f77f07b4000 rw-p 00000000 00:00 0 
7f77f07b4000-7f77f4000000 ---p 00000000 00:00 0 
7f77f4000000-7f77f4021000 rw-p 00000000 00:00 0 
7f77f4021000-7f77f8000000 ---p 00000000 00:00 0 
7f77f8000000-7f77f8021000 rw-p 00000000 00:00 0 
7f77f8021000-7f77fc000000 ---p 00000000 00:00 0 
7f77fc000000-7f77fc021000 rw-p 00000000 00:00 0 
7f77fc021000-7f7800000000 ---p 00000000 00:00 0 
7f7800370000-7f7808000000 rw-p 00000000 00:00 0 
7f7808000000-7f7808021000 rw-p 00000000 00:00 0 
7f7808021000-7f780c000000 ---p 00000000 00:00 0 
7f780c000000-7f780c021000 rw-p 00000000 00:00 0 
7f780c021000-7f7810000000 ---p 00000000 00:00 0 
7f7810000000-7f7810021000 rw-p 00000000 00:00 0 
7f7810021000-7f7814000000 ---p 00000000 00:00 0 
7f7815a48000-7f7815b88000 rw-p 00000000 00:00 0 
7f7815b88000-7f7815c4b000 ---p 00000000 00:00 0 
7f7815c4b000-7f7815d49000 rw-p 00000000 00:00 0 
7f7815d49000-7f7815d4c000 ---p 00000000 00:00 0 
7f7815d4c000-7f7815e4a000 rw-p 00000000 00:00 0                          [stack:26782]
7f7815e4a000-7f7815e4d000 ---p 00000000 00:00 0 
7f7815e4d000-7f781614b000 rw-p 00000000 00:00 0                          [stack:26781]
7f781614b000-7f781615c000 r-xp 00000000 08:04 8000408                    /usr/lib/jvm/java-8-oracle/jre/lib/amd64/libnio.so
7f781615c000-7f781635b000 ---p 00011000 08:04 8000408                    /usr/lib/jvm/java-8-oracle/jre/lib/amd64/libnio.so
7f781635b000-7f781635c000 rw-p 00010000 08:04 8000408                    /usr/lib/jvm/java-8-oracle/jre/lib/amd64/libnio.so
7f781635c000-7f781655c000 rw-p 00000000 00:00 0 
7f781655c000-7f781675c000 rw-p 00000000 00:00 0 
7f781675c000-7f781695c000 rw-p 00000000 00:00 0 
7f781695c000-7f7816b5c000 rw-p 00000000 00:00 0 
7f7816b5c000-7f7816b5f000 ---p 00000000 00:00 0 
7f7816b5f000-7f7816c5d000 rw-p 00000000 00:00 0                          [stack:26780]
7f7816c5d000-7f7816c60000 ---p 00000000 00:00 0 
7f7816c60000-7f7816d5e000 rw-p 00000000 00:00 0 
7f7816d5e000-7f7816d61000 ---p 00000000 00:00 0 
7f7816d61000-7f7816e5f000 rw-p 00000000 00:00 0 
7f7816e5f000-7f7816e75000 r-xp 00000000 08:04 8000439                    /usr/lib/jvm/java-8-oracle/jre/lib/amd64/libnet.so
7f7816e75000-7f7817075000 ---p 00016000 08:04 8000439                    /usr/lib/jvm/java-8-oracle/jre/lib/amd64/libnet.so
7f7817075000-7f7817076000 rw-p 00016000 08:04 8000439                    /usr/lib/jvm/java-8-oracle/jre/lib/amd64/libnet.so
7f7817076000-7f78171fc000 r--s 01038000 08:04 12080715                   /home/g/IdeaProjects/instruments/target/original-anton-1.0-SNAPSHOT.jar
7f78171fc000-7f78171fd000 ---p 00000000 00:00 0 
7f78171fd000-7f78172fd000 rw-p 00000000 00:00 0                          [stack:26774]
7f78172fd000-7f7817300000 ---p 00000000 00:00 0 
7f7817300000-7f78173fe000 rw-p 00000000 00:00 0                          [stack:26773]
7f78173fe000-7f7817401000 ---p 00000000 00:00 0 
7f7817401000-7f78174ff000 rw-p 00000000 00:00 0                          [stack:26772]
7f78174ff000-7f7817502000 ---p 00000000 00:00 0 
7f7817502000-7f7817600000 rw-p 00000000 00:00 0                          [stack:26771]
7f7817600000-7f7817603000 ---p 00000000 00:00 0 
7f7817603000-7f7817701000 rw-p 00000000 00:00 0                          [stack:26770]
7f7817701000-7f7817704000 ---p 00000000 00:00 0 
7f7817704000-7f7817802000 rw-p 00000000 00:00 0                          [stack:26769]
7f7817802000-7f7817bfc000 r--p 00000000 08:04 7615758                    /usr/lib/locale/locale-archive
7f7817bfc000-7f7817bff000 ---p 00000000 00:00 0 
7f7817bff000-7f7817cfd000 rw-p 00000000 00:00 0                          [stack:26768]
7f7817cfd000-7f7817d00000 ---p 00000000 00:00 0 
7f7817d00000-7f7817dfe000 rw-p 00000000 00:00 0                          [stack:26767]
7f7817dfe000-7f7817dff000 ---p 00000000 00:00 0 
7f7817dff000-7f7818000000 rw-p 00000000 00:00 0                          [stack:26766]
7f7818000000-7f7818021000 rw-p 00000000 00:00 0 
7f7818021000-7f781c000000 ---p 00000000 00:00 0 
7f781c01a000-7f781ce28000 rw-p 00000000 00:00 0 
7f781ce28000-7f781d000000 r--s 03d1d000 08:04 7872542                    /usr/lib/jvm/java-8-oracle/jre/lib/rt.jar
7f781d000000-7f781d710000 rwxp 00000000 00:00 0 
7f781d710000-7f782c000000 ---p 00000000 00:00 0 
7f782c000000-7f782ca3c000 rw-p 00000000 00:00 0 
7f782ca3c000-7f7830000000 ---p 00000000 00:00 0 
7f783000c000-7f783109a000 rw-p 00000000 00:00 0 
7f783109a000-7f783109b000 ---p 00000000 00:00 0 
7f783109b000-7f783119b000 rw-p 00000000 00:00 0                          [stack:26765]
7f783119b000-7f783119c000 ---p 00000000 00:00 0 
7f783119c000-7f783129c000 rw-p 00000000 00:00 0                          [stack:26764]
7f783129c000-7f783129d000 ---p 00000000 00:00 0 
7f783129d000-7f783139d000 rw-p 00000000 00:00 0                          [stack:26763]
7f783139d000-7f783139e000 ---p 00000000 00:00 0 
7f783139e000-7f78314d4000 rw-p 00000000 00:00 0                          [stack:26762]
7f78314d4000-7f78319cf000 ---p 00000000 00:00 0 
7f78319cf000-7f7831a05000 rw-p 00000000 00:00 0 
7f7831a05000-7f7831eff000 ---p 00000000 00:00 0 
7f7831eff000-7f7831f37000 rw-p 00000000 00:00 0 
7f7831f37000-7f7832198000 ---p 00000000 00:00 0 
7f7832198000-7f78321b6000 rw-p 00000000 00:00 0 
7f78321b6000-7f7832559000 ---p 00000000 00:00 0 
7f7832559000-7f7832573000 r-xp 00000000 08:04 8000428                    /usr/lib/jvm/java-8-oracle/jre/lib/amd64/libzip.so
7f7832573000-7f7832773000 ---p 0001a000 08:04 8000428                    /usr/lib/jvm/java-8-oracle/jre/lib/amd64/libzip.so
7f7832773000-7f7832774000 rw-p 0001a000 08:04 8000428                    /usr/lib/jvm/java-8-oracle/jre/lib/amd64/libzip.so
7f7832774000-7f783277e000 r-xp 00000000 08:04 4476728                    /lib/x86_64-linux-gnu/libnss_files-2.19.so
7f783277e000-7f783297d000 ---p 0000a000 08:04 4476728                    /lib/x86_64-linux-gnu/libnss_files-2.19.so
7f783297d000-7f783297e000 r--p 00009000 08:04 4476728                    /lib/x86_64-linux-gnu/libnss_files-2.19.so
7f783297e000-7f783297f000 rw-p 0000a000 08:04 4476728                    /lib/x86_64-linux-gnu/libnss_files-2.19.so
7f783297f000-7f783298a000 r-xp 00000000 08:04 4476710                    /lib/x86_64-linux-gnu/libnss_nis-2.19.so
7f783298a000-7f7832b89000 ---p 0000b000 08:04 4476710                    /lib/x86_64-linux-gnu/libnss_nis-2.19.so
7f7832b89000-7f7832b8a000 r--p 0000a000 08:04 4476710                    /lib/x86_64-linux-gnu/libnss_nis-2.19.so
7f7832b8a000-7f7832b8b000 rw-p 0000b000 08:04 4476710                    /lib/x86_64-linux-gnu/libnss_nis-2.19.so
7f7832b8b000-7f7832ba2000 r-xp 00000000 08:04 4476685                    /lib/x86_64-linux-gnu/libnsl-2.19.so
7f7832ba2000-7f7832da1000 ---p 00017000 08:04 4476685                    /lib/x86_64-linux-gnu/libnsl-2.19.so
7f7832da1000-7f7832da2000 r--p 00016000 08:04 4476685                    /lib/x86_64-linux-gnu/libnsl-2.19.so
7f7832da2000-7f7832da3000 rw-p 00017000 08:04 4476685                    /lib/x86_64-linux-gnu/libnsl-2.19.so
7f7832da3000-7f7832da5000 rw-p 00000000 00:00 0 
7f7832da5000-7f7832dae000 r-xp 00000000 08:04 4476684                    /lib/x86_64-linux-gnu/libnss_compat-2.19.so
7f7832dae000-7f7832fad000 ---p 00009000 08:04 4476684                    /lib/x86_64-linux-gnu/libnss_compat-2.19.so
7f7832fad000-7f7832fae000 r--p 00008000 08:04 4476684                    /lib/x86_64-linux-gnu/libnss_compat-2.19.so
7f7832fae000-7f7832faf000 rw-p 00009000 08:04 4476684                    /lib/x86_64-linux-gnu/libnss_compat-2.19.so
7f7832faf000-7f7832fd9000 r-xp 00000000 08:04 7997378                    /usr/lib/jvm/java-8-oracle/jre/lib/amd64/libjava.so
7f7832fd9000-7f78331d9000 ---p 0002a000 08:04 7997378                    /usr/lib/jvm/java-8-oracle/jre/lib/amd64/libjava.so
7f78331d9000-7f78331db000 rw-p 0002a000 08:04 7997378                    /usr/lib/jvm/java-8-oracle/jre/lib/amd64/libjava.so
7f78331db000-7f78331e8000 r-xp 00000000 08:04 8000407                    /usr/lib/jvm/java-8-oracle/jre/lib/amd64/libverify.so
7f78331e8000-7f78333e8000 ---p 0000d000 08:04 8000407                    /usr/lib/jvm/java-8-oracle/jre/lib/amd64/libverify.so
7f78333e8000-7f78333ea000 rw-p 0000d000 08:04 8000407                    /usr/lib/jvm/java-8-oracle/jre/lib/amd64/libverify.so
7f78333ea000-7f78333f1000 r-xp 00000000 08:04 4476723                    /lib/x86_64-linux-gnu/librt-2.19.so
7f78333f1000-7f78335f0000 ---p 00007000 08:04 4476723                    /lib/x86_64-linux-gnu/librt-2.19.so
7f78335f0000-7f78335f1000 r--p 00006000 08:04 4476723                    /lib/x86_64-linux-gnu/librt-2.19.so
7f78335f1000-7f78335f2000 rw-p 00007000 08:04 4476723                    /lib/x86_64-linux-gnu/librt-2.19.so
7f78335f2000-7f78336f7000 r-xp 00000000 08:04 4476679                    /lib/x86_64-linux-gnu/libm-2.19.so
7f78336f7000-7f78338f6000 ---p 00105000 08:04 4476679                    /lib/x86_64-linux-gnu/libm-2.19.so
7f78338f6000-7f78338f7000 r--p 00104000 08:04 4476679                    /lib/x86_64-linux-gnu/libm-2.19.so
7f78338f7000-7f78338f8000 rw-p 00105000 08:04 4476679                    /lib/x86_64-linux-gnu/libm-2.19.so
7f78338f8000-7f78345b7000 r-xp 00000000 08:04 8000432                    /usr/lib/jvm/java-8-oracle/jre/lib/amd64/server/libjvm.so
7f78345b7000-7f78347b6000 ---p 00cbf000 08:04 8000432                    /usr/lib/jvm/java-8-oracle/jre/lib/amd64/server/libjvm.so
7f78347b6000-7f783488f000 rw-p 00cbe000 08:04 8000432                    /usr/lib/jvm/java-8-oracle/jre/lib/amd64/server/libjvm.so
7f783488f000-7f78348d8000 rw-p 00000000 00:00 0 
7f78348d8000-7f7834a92000 r-xp 00000000 08:04 4476724                    /lib/x86_64-linux-gnu/libc-2.19.so
7f7834a92000-7f7834c92000 ---p 001ba000 08:04 4476724                    /lib/x86_64-linux-gnu/libc-2.19.so
7f7834c92000-7f7834c96000 r--p 001ba000 08:04 4476724                    /lib/x86_64-linux-gnu/libc-2.19.so
7f7834c96000-7f7834c98000 rw-p 001be000 08:04 4476724                    /lib/x86_64-linux-gnu/libc-2.19.so
7f7834c98000-7f7834c9d000 rw-p 00000000 00:00 0 
7f7834c9d000-7f7834ca0000 r-xp 00000000 08:04 4476681                    /lib/x86_64-linux-gnu/libdl-2.19.so
7f7834ca0000-7f7834e9f000 ---p 00003000 08:04 4476681                    /lib/x86_64-linux-gnu/libdl-2.19.so
7f7834e9f000-7f7834ea0000 r--p 00002000 08:04 4476681                    /lib/x86_64-linux-gnu/libdl-2.19.so
7f7834ea0000-7f7834ea1000 rw-p 00003000 08:04 4476681                    /lib/x86_64-linux-gnu/libdl-2.19.so
7f7834ea1000-7f7834eb6000 r-xp 00000000 08:04 8000426                    /usr/lib/jvm/java-8-oracle/jre/lib/amd64/jli/libjli.so
7f7834eb6000-7f78350b6000 ---p 00015000 08:04 8000426                    /usr/lib/jvm/java-8-oracle/jre/lib/amd64/jli/libjli.so
7f78350b6000-7f78350b7000 rw-p 00015000 08:04 8000426                    /usr/lib/jvm/java-8-oracle/jre/lib/amd64/jli/libjli.so
7f78350b7000-7f78350d0000 r-xp 00000000 08:04 4476707                    /lib/x86_64-linux-gnu/libpthread-2.19.so
7f78350d0000-7f78352cf000 ---p 00019000 08:04 4476707                    /lib/x86_64-linux-gnu/libpthread-2.19.so
7f78352cf000-7f78352d0000 r--p 00018000 08:04 4476707                    /lib/x86_64-linux-gnu/libpthread-2.19.so
7f78352d0000-7f78352d1000 rw-p 00019000 08:04 4476707                    /lib/x86_64-linux-gnu/libpthread-2.19.so
7f78352d1000-7f78352d5000 rw-p 00000000 00:00 0 
7f78352d5000-7f78352f8000 r-xp 00000000 08:04 4476708                    /lib/x86_64-linux-gnu/ld-2.19.so
7f78352fb000-7f783530d000 r--s 00345000 08:04 7872528                    /usr/lib/jvm/java-8-oracle/jre/lib/resources.jar
7f783530d000-7f7835329000 r--s 00393000 08:04 7872538                    /usr/lib/jvm/java-8-oracle/jre/lib/ext/cldrdata.jar
7f7835329000-7f78353d2000 rw-p 00000000 00:00 0 
7f78353d2000-7f78353d5000 ---p 00000000 00:00 0 
7f78353d5000-7f78354d7000 rw-p 00000000 00:00 0                          [stack:26761]
7f78354da000-7f78354dd000 rw-p 00000000 00:00 0 
7f78354dd000-7f78354e1000 r--s 00097000 08:04 7872623                    /usr/lib/jvm/java-8-oracle/jre/lib/jsse.jar
7f78354e1000-7f78354eb000 r--s 00116000 08:04 7872531                    /usr/lib/jvm/java-8-oracle/jre/lib/ext/localedata.jar
7f78354eb000-7f78354f3000 rw-s 00000000 08:04 7348136                    /tmp/hsperfdata_g/26760
7f78354f3000-7f78354f4000 rw-p 00000000 00:00 0 
7f78354f4000-7f78354f5000 r--p 00000000 00:00 0 
7f78354f5000-7f78354f7000 rw-p 00000000 00:00 0 
7f78354f7000-7f78354f8000 r--p 00022000 08:04 4476708                    /lib/x86_64-linux-gnu/ld-2.19.so
7f78354f8000-7f78354f9000 rw-p 00023000 08:04 4476708                    /lib/x86_64-linux-gnu/ld-2.19.so
7f78354f9000-7f78354fa000 rw-p 00000000 00:00 0 
7ffc4eb4d000-7ffc4eb6e000 rw-p 00000000 00:00 0                          [stack]
7ffc4ebb9000-7ffc4ebbb000 r-xp 00000000 00:00 0                          [vdso]
ffffffffff600000-ffffffffff601000 r-xp 00000000 00:00 0                  [vsyscall]

VM Arguments:
java_command: anton-1.0-SNAPSHOT.jar
java_class_path (initial): anton-1.0-SNAPSHOT.jar
Launcher Type: SUN_STANDARD

Environment Variables:
JAVA_HOME=/usr/lib/jvm/java-8-oracle
PATH=/usr/local/sbin:/usr/local/bin:/usr/sbin:/usr/bin:/sbin:/bin:/usr/games:/usr/local/games:/usr/lib/jvm/java-8-oracle/bin:/usr/lib/jvm/java-8-oracle/db/bin:/usr/lib/jvm/java-8-oracle/jre/bin:/usr/lib/jvm/java-8-oracle/bin:/usr/lib/jvm/java-8-oracle/db/bin:/usr/lib/jvm/java-8-oracle/jre/bin
LD_LIBRARY_PATH=/home/g/Programms/idea-IU-143.2370.31/bin:
SHELL=/bin/bash
DISPLAY=:0

Signal Handlers:
SIGSEGV: [libjvm.so+0xabb070], sa_mask[0]=11111111011111111101111111111110, sa_flags=SA_RESTART|SA_SIGINFO
SIGBUS: [libjvm.so+0xabb070], sa_mask[0]=11111111011111111101111111111110, sa_flags=SA_RESTART|SA_SIGINFO
SIGFPE: [libjvm.so+0x918480], sa_mask[0]=11111111011111111101111111111110, sa_flags=SA_RESTART|SA_SIGINFO
SIGPIPE: [libjvm.so+0x918480], sa_mask[0]=11111111011111111101111111111110, sa_flags=SA_RESTART|SA_SIGINFO
SIGXFSZ: [libjvm.so+0x918480], sa_mask[0]=11111111011111111101111111111110, sa_flags=SA_RESTART|SA_SIGINFO
SIGILL: [libjvm.so+0x918480], sa_mask[0]=11111111011111111101111111111110, sa_flags=SA_RESTART|SA_SIGINFO
SIGUSR1: SIG_DFL, sa_mask[0]=00000000000000000000000000000000, sa_flags=none
SIGUSR2: [libjvm.so+0x919ab0], sa_mask[0]=00100000000000000000000000000000, sa_flags=SA_RESTART|SA_SIGINFO
SIGHUP: [libjvm.so+0x91aeb0], sa_mask[0]=11111111011111111101111111111110, sa_flags=SA_RESTART|SA_SIGINFO
SIGINT: [libjvm.so+0x91aeb0], sa_mask[0]=11111111011111111101111111111110, sa_flags=SA_RESTART|SA_SIGINFO
SIGTERM: [libjvm.so+0x91aeb0], sa_mask[0]=11111111011111111101111111111110, sa_flags=SA_RESTART|SA_SIGINFO
SIGQUIT: [libjvm.so+0x91aeb0], sa_mask[0]=11111111011111111101111111111110, sa_flags=SA_RESTART|SA_SIGINFO


---------------  S Y S T E M  ---------------

OS:DISTRIB_ID=Ubuntu
DISTRIB_RELEASE=14.04
DISTRIB_CODENAME=trusty
DISTRIB_DESCRIPTION="Ubuntu 14.04.4 LTS"

uname:Linux 3.13.0-86-generic #131-Ubuntu SMP Thu May 12 23:33:13 UTC 2016 x86_64
libc:glibc 2.19 NPTL 2.19 
rlimit: STACK 8192k, CORE 0k, NPROC 126446, NOFILE 4096, AS infinity
load average:0,80 0,45 0,42

/proc/meminfo:
MemTotal:       16320500 kB
MemFree:         1321364 kB
Buffers:          285900 kB
Cached:          5341924 kB
SwapCached:        39252 kB
Active:          9987980 kB
Inactive:        3813736 kB
Active(anon):    7628092 kB
Inactive(anon):  1495596 kB
Active(file):    2359888 kB
Inactive(file):  2318140 kB
Unevictable:         304 kB
Mlocked:             304 kB
SwapTotal:      33325052 kB
SwapFree:       33251372 kB
Dirty:             34332 kB
Writeback:             0 kB
AnonPages:       8135064 kB
Mapped:           903492 kB
Shmem:            949796 kB
Slab:             941244 kB
SReclaimable:     869576 kB
SUnreclaim:        71668 kB
KernelStack:        8344 kB
PageTables:        82560 kB
NFS_Unstable:          0 kB
Bounce:                0 kB
WritebackTmp:          0 kB
CommitLimit:    41485300 kB
Committed_AS:   18452612 kB
VmallocTotal:   34359738367 kB
VmallocUsed:      388572 kB
VmallocChunk:   34359329916 kB
HardwareCorrupted:     0 kB
AnonHugePages:   3784704 kB
HugePages_Total:       0
HugePages_Free:        0
HugePages_Rsvd:        0
HugePages_Surp:        0
Hugepagesize:       2048 kB
DirectMap4k:      355224 kB
DirectMap2M:    14211072 kB
DirectMap1G:     2097152 kB


CPU:total 4 (2 cores per cpu, 2 threads per core) family 6 model 61 stepping 4, cmov, cx8, fxsr, mmx, sse, sse2, sse3, ssse3, sse4.1, sse4.2, popcnt, avx, avx2, aes, clmul, erms, rtm, 3dnowpref, lzcnt, ht, tsc, tscinvbit, bmi1, bmi2, adx

/proc/cpuinfo:
processor	: 0
vendor_id	: GenuineIntel
cpu family	: 6
model		: 61
model name	: Intel(R) Core(TM) i7-5600U CPU @ 2.60GHz
stepping	: 4
microcode	: 0x22
cpu MHz		: 2601.000
cache size	: 4096 KB
physical id	: 0
siblings	: 4
core id		: 0
cpu cores	: 2
apicid		: 0
initial apicid	: 0
fpu		: yes
fpu_exception	: yes
cpuid level	: 20
wp		: yes
flags		: fpu vme de pse tsc msr pae mce cx8 apic sep mtrr pge mca cmov pat pse36 clflush dts acpi mmx fxsr sse sse2 ss ht tm pbe syscall nx pdpe1gb rdtscp lm constant_tsc arch_perfmon pebs bts rep_good nopl xtopology nonstop_tsc aperfmperf eagerfpu pni pclmulqdq dtes64 monitor ds_cpl vmx smx est tm2 ssse3 fma cx16 xtpr pdcm pcid sse4_1 sse4_2 x2apic movbe popcnt tsc_deadline_timer aes xsave avx f16c rdrand lahf_lm abm 3dnowprefetch ida arat epb xsaveopt pln pts dtherm tpr_shadow vnmi flexpriority ept vpid fsgsbase tsc_adjust bmi1 hle avx2 smep bmi2 erms invpcid rtm rdseed adx smap
bogomips	: 5187.98
clflush size	: 64
cache_alignment	: 64
address sizes	: 39 bits physical, 48 bits virtual
power management:

processor	: 1
vendor_id	: GenuineIntel
cpu family	: 6
model		: 61
model name	: Intel(R) Core(TM) i7-5600U CPU @ 2.60GHz
stepping	: 4
microcode	: 0x22
cpu MHz		: 2601.000
cache size	: 4096 KB
physical id	: 0
siblings	: 4
core id		: 1
cpu cores	: 2
apicid		: 2
initial apicid	: 2
fpu		: yes
fpu_exception	: yes
cpuid level	: 20
wp		: yes
flags		: fpu vme de pse tsc msr pae mce cx8 apic sep mtrr pge mca cmov pat pse36 clflush dts acpi mmx fxsr sse sse2 ss ht tm pbe syscall nx pdpe1gb rdtscp lm constant_tsc arch_perfmon pebs bts rep_good nopl xtopology nonstop_tsc aperfmperf eagerfpu pni pclmulqdq dtes64 monitor ds_cpl vmx smx est tm2 ssse3 fma cx16 xtpr pdcm pcid sse4_1 sse4_2 x2apic movbe popcnt tsc_deadline_timer aes xsave avx f16c rdrand lahf_lm abm 3dnowprefetch ida arat epb xsaveopt pln pts dtherm tpr_shadow vnmi flexpriority ept vpid fsgsbase tsc_adjust bmi1 hle avx2 smep bmi2 erms invpcid rtm rdseed adx smap
bogomips	: 5187.98
clflush size	: 64
cache_alignment	: 64
address sizes	: 39 bits physical, 48 bits virtual
power management:

processor	: 2
vendor_id	: GenuineIntel
cpu family	: 6
model		: 61
model name	: Intel(R) Core(TM) i7-5600U CPU @ 2.60GHz
stepping	: 4
microcode	: 0x22
cpu MHz		: 500.000
cache size	: 4096 KB
physical id	: 0
siblings	: 4
core id		: 0
cpu cores	: 2
apicid		: 1
initial apicid	: 1
fpu		: yes
fpu_exception	: yes
cpuid level	: 20
wp		: yes
flags		: fpu vme de pse tsc msr pae mce cx8 apic sep mtrr pge mca cmov pat pse36 clflush dts acpi mmx fxsr sse sse2 ss ht tm pbe syscall nx pdpe1gb rdtscp lm constant_tsc arch_perfmon pebs bts rep_good nopl xtopology nonstop_tsc aperfmperf eagerfpu pni pclmulqdq dtes64 monitor ds_cpl vmx smx est tm2 ssse3 fma cx16 xtpr pdcm pcid sse4_1 sse4_2 x2apic movbe popcnt tsc_deadline_timer aes xsave avx f16c rdrand lahf_lm abm 3dnowprefetch ida arat epb xsaveopt pln pts dtherm tpr_shadow vnmi flexpriority ept vpid fsgsbase tsc_adjust bmi1 hle avx2 smep bmi2 erms invpcid rtm rdseed adx smap
bogomips	: 5187.98
clflush size	: 64
cache_alignment	: 64
address sizes	: 39 bits physical, 48 bits virtual
power management:

processor	: 3
vendor_id	: GenuineIntel
cpu family	: 6
model		: 61
model name	: Intel(R) Core(TM) i7-5600U CPU @ 2.60GHz
stepping	: 4
microcode	: 0x22
cpu MHz		: 500.000
cache size	: 4096 KB
physical id	: 0
siblings	: 4
core id		: 1
cpu cores	: 2
apicid		: 3
initial apicid	: 3
fpu		: yes
fpu_exception	: yes
cpuid level	: 20
wp		: yes
flags		: fpu vme de pse tsc msr pae mce cx8 apic sep mtrr pge mca cmov pat pse36 clflush dts acpi mmx fxsr sse sse2 ss ht tm pbe syscall nx pdpe1gb rdtscp lm constant_tsc arch_perfmon pebs bts rep_good nopl xtopology nonstop_tsc aperfmperf eagerfpu pni pclmulqdq dtes64 monitor ds_cpl vmx smx est tm2 ssse3 fma cx16 xtpr pdcm pcid sse4_1 sse4_2 x2apic movbe popcnt tsc_deadline_timer aes xsave avx f16c rdrand lahf_lm abm 3dnowprefetch ida arat epb xsaveopt pln pts dtherm tpr_shadow vnmi flexpriority ept vpid fsgsbase tsc_adjust bmi1 hle avx2 smep bmi2 erms invpcid rtm rdseed adx smap
bogomips	: 5187.98
clflush size	: 64
cache_alignment	: 64
address sizes	: 39 bits physical, 48 bits virtual
power management:



Memory: 4k page, physical 16320500k(1321364k free), swap 33325052k(33251372k free)

vm_info: Java HotSpot(TM) 64-Bit Server VM (25.72-b15) for linux-amd64 JRE (1.8.0_72-b15), built on Dec 22 2015 22:00:07 by "java_re" with gcc 4.3.0 20080428 (Red Hat 4.3.0-8)

time: Wed Jun  8 17:44:18 2016
elapsed time: 121 seconds (0d 0h 2m 1s)

